<?xml version="1.0" encoding="UTF-8"?>
<testsuite name="com.tl.example.tests.GroupModificationTest" tests="1" skipped="0" failures="0" errors="0" timestamp="2018-05-25T08:30:13" hostname="Citadel" time="1.299">
  <properties/>
  <testcase name="groupModificationTests" classname="com.tl.example.tests.GroupModificationTest" time="1.299"/>
  <system-out><![CDATA[]]></system-out>
  <system-err><![CDATA[]]></system-err>
</testsuite>
