<?xml version="1.0" encoding="UTF-8"?>
<testsuite name="com.tl.example.tests.GroupDeletionTest" tests="1" skipped="0" failures="0" errors="0" timestamp="2018-05-25T08:30:14" hostname="Citadel" time="0.683">
  <properties/>
  <testcase name="groupDeletionTest" classname="com.tl.example.tests.GroupDeletionTest" time="0.683"/>
  <system-out><![CDATA[]]></system-out>
  <system-err><![CDATA[]]></system-err>
</testsuite>
