<?xml version="1.0" encoding="UTF-8"?>
<testsuite name="com.tl.example.tests.ContactCreationTest" tests="2" skipped="0" failures="0" errors="0" timestamp="2018-05-25T08:34:17" hostname="Citadel" time="8.653">
  <properties/>
  <testcase name="testCreateContact" classname="com.tl.example.tests.ContactCreationTest" time="5.007"/>
  <testcase name="testCreateEmptyContact" classname="com.tl.example.tests.ContactCreationTest" time="3.643"/>
  <system-out><![CDATA[]]></system-out>
  <system-err><![CDATA[]]></system-err>
</testsuite>
