<?xml version="1.0" encoding="UTF-8"?>
<testsuite name="com.tl.example.tests.ContactDeletionTest" tests="2" skipped="0" failures="0" errors="0" timestamp="2018-05-25T08:34:31" hostname="Citadel" time="24.841">
  <properties/>
  <testcase name="allContactsDeletionTest" classname="com.tl.example.tests.ContactDeletionTest" time="5.513"/>
  <testcase name="firstContactDeletionTest" classname="com.tl.example.tests.ContactDeletionTest" time="19.328"/>
  <system-out><![CDATA[]]></system-out>
  <system-err><![CDATA[]]></system-err>
</testsuite>
