<?xml version="1.0" encoding="UTF-8"?>
<testsuite name="com.tl.example.tests.ContactModificationTest" tests="1" skipped="0" failures="0" errors="0" timestamp="2018-05-25T08:34:25" hostname="Citadel" time="5.146">
  <properties/>
  <testcase name="groupModificationTests" classname="com.tl.example.tests.ContactModificationTest" time="5.146"/>
  <system-out><![CDATA[]]></system-out>
  <system-err><![CDATA[]]></system-err>
</testsuite>
